<?xml version="1.0" encoding="UTF-8"?>
<!-- Generated by org.testng.reporters.JUnitXMLReporter -->
<testsuite ignored="0" hostname="DESKTOP-162LP8P" failures="0" tests="3" name="Test Demo" time="0.064" errors="0" timestamp="2021-02-03T21:34:20 BDT">
  <testcase classname="com.TestNGDemo.BasicTestNG" name="testMethod3" time="0.013"/>
  <testcase classname="com.TestNGDemo.BasicTestNG" name="testMethod2" time="0.003"/>
  <testcase classname="com.TestNGDemo.BasicTestNG" name="testMethod1" time="0.002"/>
</testsuite> <!-- Test Demo -->
